<?xml version="1.0" encoding="UTF-8"?>
<!-- Generated by org.testng.reporters.JUnitReportReporter -->
<testsuite hostname="JD14" failures="0" tests="1" name="javalearnings.Ajio" time="7.679" errors="0" timestamp="2022-04-12T12:21:47 IST" skipped="0">
  <testcase classname="javalearnings.Ajio" name="ajiotestscript" time="7.679"/>
  <system-out/>
</testsuite> <!-- javalearnings.Ajio -->
