<?xml version="1.0" encoding="UTF-8"?>
<!-- Generated by org.testng.reporters.JUnitReportReporter -->
<testsuite hostname="JD14" failures="0" tests="1" name="javalearnings.Annotations" time="0.013" errors="0" timestamp="2022-03-31T13:24:43 IST" skipped="0">
  <testcase classname="javalearnings.Annotations" name="ActuallMetod" time="0.013"/>
  <system-out/>
</testsuite> <!-- javalearnings.Annotations -->
