<?xml version="1.0" encoding="UTF-8"?>
<!-- Generated by org.testng.reporters.JUnitReportReporter -->
<testsuite hostname="JD14" failures="0" tests="14" name="javalearnings.UsingExceldata" time="130.015" errors="0" timestamp="2022-04-13T12:33:28 IST" skipped="0">
  <testcase classname="javalearnings.UsingExceldata" name="gettingData" time="8.048"/>
  <system-out/>
  <testcase classname="javalearnings.UsingExceldata" name="gettingData" time="8.142"/>
  <system-out/>
  <testcase classname="javalearnings.UsingExceldata" name="gettingData" time="9.186"/>
  <system-out/>
  <testcase classname="javalearnings.UsingExceldata" name="gettingData" time="10.042"/>
  <system-out/>
  <testcase classname="javalearnings.UsingExceldata" name="gettingData" time="8.211"/>
  <system-out/>
  <testcase classname="javalearnings.UsingExceldata" name="gettingData" time="8.588"/>
  <system-out/>
  <testcase classname="javalearnings.UsingExceldata" name="gettingData" time="9.174"/>
  <system-out/>
  <testcase classname="javalearnings.UsingExceldata" name="gettingData" time="9.350"/>
  <system-out/>
  <testcase classname="javalearnings.UsingExceldata" name="gettingData" time="8.341"/>
  <system-out/>
  <testcase classname="javalearnings.UsingExceldata" name="gettingData" time="13.709"/>
  <system-out/>
  <testcase classname="javalearnings.UsingExceldata" name="gettingData" time="8.201"/>
  <system-out/>
  <testcase classname="javalearnings.UsingExceldata" name="gettingData" time="10.560"/>
  <system-out/>
  <testcase classname="javalearnings.UsingExceldata" name="gettingData" time="9.189"/>
  <system-out/>
  <testcase classname="javalearnings.UsingExceldata" name="gettingData" time="9.274"/>
  <system-out/>
</testsuite> <!-- javalearnings.UsingExceldata -->
