<?xml version="1.0" encoding="UTF-8"?>
<!-- Generated by org.testng.reporters.JUnitReportReporter -->
<testsuite hostname="JD14" failures="0" tests="1" name="Myfirstautomationcode.Auto" time="13.584" errors="0" timestamp="2022-03-21T18:12:59 IST" skipped="0">
  <testcase classname="Myfirstautomationcode.Auto" name="login" time="13.584"/>
  <system-out/>
</testsuite> <!-- Myfirstautomationcode.Auto -->
