<?xml version="1.0" encoding="UTF-8"?>
<!-- Generated by org.testng.reporters.JUnitReportReporter -->
<testsuite hostname="JD14" failures="0" tests="1" name="javalearnings.AutomationPractiace" time="68.446" errors="0" timestamp="2022-03-24T17:22:45 IST" skipped="0">
  <testcase classname="javalearnings.AutomationPractiace" name="signin" time="68.446"/>
  <system-out/>
</testsuite> <!-- javalearnings.AutomationPractiace -->
