<?xml version="1.0" encoding="UTF-8"?>
<!-- Generated by org.testng.reporters.JUnitReportReporter -->
<testsuite hostname="JD14" failures="0" tests="1" name="javalearnings.Framehandling" time="16.331" errors="0" timestamp="2022-04-08T20:45:26 IST" skipped="0">
  <testcase classname="javalearnings.Framehandling" name="annotationtest0" time="16.331"/>
  <system-out/>
</testsuite> <!-- javalearnings.Framehandling -->
