<?xml version="1.0" encoding="UTF-8"?>
<!-- Generated by org.testng.reporters.JUnitReportReporter -->
<testsuite hostname="JD14" failures="0" tests="1" name="javalearnings.Railways" time="7.625" errors="0" timestamp="2022-04-05T17:06:51 IST" skipped="0">
  <testcase classname="javalearnings.Railways" name="Railwaytable" time="7.625"/>
  <system-out/>
</testsuite> <!-- javalearnings.Railways -->
