<?xml version="1.0" encoding="UTF-8"?>
<!-- Generated by org.testng.reporters.JUnitReportReporter -->
<testsuite hostname="JD14" failures="0" tests="1" name="javalearnings.ReverseSrtring" time="0.009" errors="0" timestamp="2022-03-17T18:27:24 IST" skipped="0">
  <testcase classname="javalearnings.ReverseSrtring" name="reverseString" time="0.009"/>
  <system-out/>
</testsuite> <!-- javalearnings.ReverseSrtring -->
