<?xml version="1.0" encoding="UTF-8"?>
<!-- Generated by org.testng.reporters.JUnitReportReporter -->
<testsuite hostname="JD14" failures="0" tests="1" name="javalearnings.Submarks" time="49.703" errors="0" timestamp="2022-03-17T18:39:23 IST" skipped="0">
  <testcase classname="javalearnings.Submarks" name="submarks" time="49.703"/>
  <system-out/>
</testsuite> <!-- javalearnings.Submarks -->
