<?xml version="1.0" encoding="UTF-8"?>
<!-- Generated by org.testng.reporters.JUnitReportReporter -->
<testsuite hostname="JD14" failures="0" tests="1" name="javalearnings.Factorial" time="4.554" errors="0" timestamp="2022-03-17T18:19:27 IST" skipped="0">
  <testcase classname="javalearnings.Factorial" name="factorial" time="4.554"/>
  <system-out/>
</testsuite> <!-- javalearnings.Factorial -->
