<?xml version="1.0" encoding="UTF-8"?>
<!-- Generated by org.testng.reporters.JUnitReportReporter -->
<testsuite hostname="JD14" failures="0" tests="1" name="javalearnings.Zomoto" time="43.629" errors="0" timestamp="2022-04-09T09:27:59 IST" skipped="0">
  <testcase classname="javalearnings.Zomoto" name="A2B" time="43.629"/>
  <system-out/>
</testsuite> <!-- javalearnings.Zomoto -->
