<?xml version="1.0" encoding="UTF-8"?>
<!-- Generated by org.testng.reporters.JUnitReportReporter -->
<testsuite hostname="JD14" failures="0" tests="1" name="javalearnings.AutomationPracticeusingpropertyfile" time="49.398" errors="0" timestamp="2022-04-05T18:54:28 IST" skipped="0">
  <testcase classname="javalearnings.AutomationPracticeusingpropertyfile" name="Testcase" time="49.398"/>
  <system-out/>
</testsuite> <!-- javalearnings.AutomationPracticeusingpropertyfile -->
