<?xml version="1.0" encoding="UTF-8"?>
<!-- Generated by org.testng.reporters.JUnitReportReporter -->
<testsuite hostname="JD14" failures="0" tests="1" name="javalearnings.ATM" time="5.728" errors="0" timestamp="2022-03-21T18:15:10 IST" skipped="0">
  <testcase classname="javalearnings.ATM" name="atm" time="5.728"/>
  <system-out/>
</testsuite> <!-- javalearnings.ATM -->
